false	0.1809
false	0.3302
false	0.3995
false	0.1256
false	0.0745
false	0.0740
false	0.1025
false	0.0691
false	0.1809
false	0.3708
false	0.3995
false	0.2042
false	0.2625
false	0.1116
false	0.1400
false	0.4146
false	0.0988
false	0.0195
false	0.1328
false	0.3593
true	0.6172
false	0.3283
false	0.1293
false	0.4096
false	0.0142
false	0.2168
false	0.2042
false	0.1562
false	0.3147
false	0.1252
false	0.1324
false	0.1422
false	0.4475
true	0.7309
false	0.3113
false	0.2323
false	0.0394
false	0.0203
false	0.0645
false	0.2621
false	0.2154
false	0.0691
false	0.1132
false	0.0645
false	0.1324
true	0.9210
false	0.1600
false	0.4389
false	0.1676
false	0.1809
false	0.2503
false	0.1025
false	0.1627
false	0.1509
true	0.5775
false	0.2165
false	0.0436
true	0.9909
false	0.2861
false	0.1835
false	0.1797
false	0.4627
false	0.1514
false	0.0707
false	0.1589
false	0.1589
false	0.3062
false	0.1514
false	0.2055
false	0.1514
false	0.0843
false	0.1730
false	0.0356
false	0.0522
false	0.0606
false	0.0843
false	0.1838
false	0.2763
false	0.0639
false	0.3122
false	0.1052
false	0.3302
false	0.0356
false	0.0522
false	0.0468
false	0.1286
false	0.4998
false	0.2677
false	0.0707
false	0.2134
false	0.4410
false	0.4860
false	0.0639
false	0.1699
false	0.1537
false	0.4146
false	0.0093
false	0.4064
false	0.1304
false	0.1580
false	0.0649
false	0.1046
false	0.2540
false	0.1514
false	0.0143
false	0.1526
false	0.0606
false	0.4492
false	0.1396
false	0.1254
false	0.2651
false	0.0750
false	0.3572
false	0.0306
false	0.0358
false	0.1573
false	0.3409
false	0.1171
false	0.0468
false	0.3775
false	0.0226
false	0.1726
false	0.1389
false	0.3165
false	0.0606
false	0.0606
false	0.0029
false	0.0553
false	0.4104
false	0.1514
false	0.0695
false	0.2148
false	0.0707
false	0.0536
false	0.0226
false	0.1293
false	0.0895
false	0.0756
false	0.0649
false	0.0694
false	0.2134
false	0.1514
false	0.0306
false	0.0306
false	0.0892
false	0.1171
false	0.0268
false	0.0306
false	0.0306
false	0.0892
false	0.1038
false	0.1198
false	0.1357
false	0.1514
false	0.1357
false	0.1514
false	0.1775
false	0.1361
false	0.0729
false	0.0606
false	0.1775
false	0.0639
false	0.1277
false	0.2321
false	0.3259
false	0.4010
false	0.0356
false	0.3302
true	0.9982
false	0.0707
false	0.3406
false	0.0843
false	0.0695
false	0.0892
false	0.0729
false	0.1589
false	0.2451
false	0.0743
false	0.2360
false	0.2001
false	0.0707
false	0.0325
false	0.0694
false	0.0694
false	0.0522
false	0.0195
false	0.1942
false	0.2997
false	0.2496
false	0.1730
false	0.2967
true	0.5404
false	0.1294
false	0.0707
false	0.0325
false	0.1119
false	0.1809
false	0.4131
false	0.1144
false	0.1809
false	0.0703
false	0.0675
false	0.0606
false	0.0695
false	0.0563
false	0.1328
false	0.1879
false	0.0620
false	0.1514
false	0.2199
false	0.0695
false	0.2370
false	0.0823
false	0.2625
false	0.2474
false	0.0901
false	0.0143
false	0.1357
false	0.2199
false	0.0522
false	0.0268
false	0.0447
false	0.0748
false	0.0872
false	0.1422
true	0.5775
false	0.1332
false	0.1280
true	0.5347
false	0.1509
false	0.1422
false	0.1762
false	0.1115
false	0.2489
false	0.3540
false	0.1762
false	0.1470
true	0.6839
false	0.3684
false	0.1470
true	0.6437
false	0.1033
false	0.1470
false	0.0645
false	0.1609
false	0.1826
false	0.0645
false	0.3110
false	0.1324
false	0.3302
false	0.1809
false	0.4646
true	0.5734
true	0.5467
false	0.0195
false	0.4150
false	0.1537
true	0.6567
false	0.2489
false	0.0892
false	0.0892
true	0.5428
true	0.8091
true	0.5002
false	0.2003
false	0.0649
true	0.5504
false	0.1293
false	0.0153
false	0.2280
false	0.4698
false	0.3083
false	0.2719
false	0.1514
false	0.0639
false	0.1514
false	0.0695
false	0.2134
false	0.2057
false	0.1357
false	0.0308
false	0.2321
false	0.3188
false	0.1877
false	0.1964
true	0.6571
false	0.2134
false	0.0268
false	0.0866
false	0.1058
false	0.0143
false	0.1023
false	0.0442
false	0.1178
false	0.0363
false	0.1328
false	0.0226
false	0.1877
false	0.4146
false	0.2625
false	0.0857
false	0.1293
false	0.1509
false	0.0580
false	0.1349
false	0.0948
false	0.0979
true	0.8420
true	0.5249
false	0.0289
false	0.0302
false	0.2474
false	0.1116
false	0.1033
true	0.8880
true	0.5404
true	0.8119
true	0.5341
false	0.0394
false	0.0668
false	0.3386
false	0.1389
false	0.1132
false	0.1037
false	0.0449
false	0.0276
false	0.3110
false	0.2154
false	0.2799
false	0.0571
false	0.0394
false	0.2677
false	0.1422
false	0.0571
true	0.5125
false	0.4150
true	0.5125
true	0.7265
false	0.1328
false	0.1394
false	0.1809
false	0.2348
false	0.1332
false	0.1976
false	0.0423
false	0.0423
false	0.0447
false	0.0264
false	0.0613
false	0.1038
false	0.0676
false	0.0775
false	0.2700
false	0.0883
false	0.1797
false	0.0126
false	0.1414
false	0.1703
false	0.1514
false	0.0843
false	0.2469
false	0.1581
false	0.0302
false	0.0447
false	0.0272
false	0.0447
true	0.9265
true	0.5382
false	0.1733
true	0.8640
true	0.9626
true	0.9981
true	0.6672
true	0.8164
false	0.2090
true	0.9766
true	0.7674
true	0.7564
true	0.5233
false	0.0767
true	0.7839
false	0.1625
true	0.9902
false	0.1470
true	0.8930
true	0.9865
true	0.9991
false	0.2381
true	0.8931
true	0.9693
false	0.0785
true	0.9365
false	0.4206
false	0.4975
true	0.9814
false	0.3809
true	0.7034
true	0.6403
true	0.9808
true	0.8235
true	0.7346
true	0.6824
true	0.7422
true	0.7936
true	0.7702
true	0.9872
true	0.9131
true	0.9334
true	0.7034
false	0.3416
false	0.2834
false	0.0606
false	0.3571
false	0.0606
false	0.0606
true	0.5186
false	0.4150
false	0.1616
false	0.1251
false	0.1324
false	0.2348
false	0.3539
false	0.1171
false	0.1872
false	0.4937
false	0.0143
false	0.4614
false	0.2997
false	0.3259
false	0.0522
true	0.6833
false	0.4012
false	0.0859
false	0.0774
false	0.2055
false	0.0186
false	0.0195
false	0.4719
false	0.1514
false	0.0325
false	0.3141
false	0.0485
false	0.0788
false	0.0175
false	0.4410
false	0.1293
false	0.1481
false	0.1762
false	0.0153
false	0.1422
false	0.1293
false	0.1787
false	0.1537
false	0.1581
false	0.1422
false	0.1023
false	0.1775
false	0.1332
true	0.9714
false	0.0390
false	0.0645
true	0.9936
false	0.0394
true	0.9155
true	0.6520
false	0.2306
true	0.6975
true	0.6512
false	0.4006
false	0.1610
false	0.1509
false	0.1324
false	0.1004
false	0.0802
false	0.1324
false	0.2667
false	0.3102
false	0.1332
false	0.1332
false	0.4146
false	0.4146
false	0.4171
true	0.5002
false	0.1762
false	0.1509
true	0.7420
false	0.1422
false	0.2134
false	0.1414
false	0.0143
false	0.0843
false	0.0639
false	0.1514
false	0.2719
false	0.2719
true	0.6959
false	0.1610
false	0.0606
false	0.1576
false	0.1791
false	0.1581
false	0.0093
false	0.0153
false	0.4150
false	0.0707
false	0.1414
false	0.0843
false	0.1964
false	0.2199
false	0.1576
false	0.1742
false	0.1470
false	0.1589
false	0.3147
false	0.0648
false	0.3501
true	0.7832
true	0.7053
false	0.2348
false	0.3818
true	0.5371
true	0.5463
false	0.2967
false	0.1951
false	0.1618
true	0.8408
false	0.1328
false	0.1550
true	0.5986
false	0.1389
true	0.7000
true	0.9456
false	0.3012
false	0.3055
true	0.6659
true	0.8466
false	0.1228
true	0.8179
true	0.7751
false	0.2405
false	0.2706
true	0.8906
true	0.7610
true	0.9216
true	0.5325
true	0.9013
true	0.8071
false	0.0766
true	0.5573
true	0.8906
false	0.2418
true	0.6570
true	0.8689
true	0.7053
true	0.9608
true	0.5419
true	0.9849
false	0.3487
true	0.6137
false	0.0190
false	0.0356
false	0.3539
false	0.3259
false	0.3771
false	0.1809
false	0.1985
false	0.1394
false	0.2168
true	0.5460
false	0.0347
false	0.2510
false	0.1304
false	0.4627
false	0.1470
false	0.2191
false	0.1616
false	0.1509
false	0.0571
false	0.1581
false	0.0153
false	0.1023
false	0.1023
false	0.0278
false	0.0908
false	0.0156
false	0.4064
false	0.0306
false	0.3120
false	0.1038
false	0.0727
true	0.6734
false	0.2405
false	0.0522
true	0.8914
false	0.2405
false	0.1991
false	0.0342
false	0.1797
false	0.0883
false	0.3416
false	0.1991
false	0.0639
false	0.0325
true	0.6662
false	0.2055
false	0.1046
false	0.1742
false	0.1838
false	0.0843
false	0.0639
false	0.1414
false	0.0895
false	0.0093
false	0.3897
false	0.1730
false	0.1298
false	0.1501
false	0.1797
false	0.1797
true	0.5880
false	0.1514
false	0.0707
false	0.1052
false	0.2405
false	0.1947
false	0.0196
false	0.1589
false	0.3487
true	0.9237
true	0.6502
false	0.0495
false	0.1257
true	0.5883
false	0.0342
true	0.8295
true	0.8036
true	0.9914
false	0.2634
true	0.6629
false	0.4508
false	0.0794
false	0.3777
false	0.1389
true	0.9234
false	0.1116
false	0.3829
true	0.8038
true	0.8327
false	0.4934
true	0.7130
true	0.9779
true	0.7696
false	0.2406
false	0.1676
false	0.3593
false	0.1394
false	0.4036
false	0.1332
false	0.3320
false	0.1023
false	0.3142
false	0.1324
false	0.1809
false	0.0979
false	0.0736
false	0.4631
false	0.0610
false	0.4880
false	0.0782
false	0.0782
false	0.2227
false	0.2411
false	0.1227
false	0.0784
false	0.1696
false	0.1422
false	0.1293
false	0.1332
false	0.1422
true	0.7327
true	0.7481
true	0.5002
true	0.9768
false	0.4146
true	0.9159
true	0.6766
true	0.8854
false	0.0485
false	0.0368
true	0.6627
false	0.2082
true	0.5459
false	0.3375
true	0.9993
true	0.9879
true	0.9292
false	0.4766
false	0.1508
false	0.0276
true	0.9261
true	0.6811
false	0.2718
false	0.4496
false	0.2397
true	0.9911
false	0.1389
false	0.0306
false	0.0356
false	0.4410
false	0.0195
false	0.1942
false	0.0843
false	0.2763
false	0.2719
false	0.1514
false	0.2763
false	0.0306
false	0.4150
false	0.0649
false	0.0325
true	0.7852
false	0.0707
false	0.0639
false	0.0695
false	0.2719
false	0.3990
false	0.0639
false	0.0325
false	0.0892
false	0.1616
false	0.4453
false	0.2357
false	0.2677
false	0.1317
false	0.2057
false	0.0707
false	0.0675
false	0.1357
false	0.0639
false	0.1964
false	0.2057
true	0.6312
false	0.1964
true	0.6003
false	0.4719
false	0.2057
false	0.0843
false	0.0639
false	0.2148
true	0.6081
false	0.2469
false	0.2057
false	0.1787
false	0.2057
false	0.3999
false	0.0695
false	0.1693
true	0.8904
true	0.7735
false	0.1033
false	0.2861
true	0.7071
false	0.4453
false	0.3796
false	0.1422
false	0.1332
false	0.0908
false	0.1976
false	0.4171
false	0.3087
true	0.8262
false	0.1328
false	0.1028
false	0.0568
true	0.7295
false	0.1596
true	0.6020
false	0.0948
false	0.0554
true	0.6734
false	0.3307
false	0.2445
false	0.0559
false	0.0285
false	0.1132
false	0.3292
false	0.1809
false	0.1394
false	0.2068
false	0.1951
false	0.0948
false	0.1328
false	0.1809
false	0.1726
false	0.3141
false	0.0394
false	0.0266
false	0.1693
false	0.2925
false	0.0908
false	0.4811
false	0.1625
false	0.0893
false	0.1332
false	0.1182
false	0.1229
false	0.0846
false	0.1514
false	0.1514
false	0.3708
false	0.1119
false	0.0268
false	0.1119
false	0.0195
false	0.1942
false	0.0522
false	0.3352
false	0.0390
false	0.1838
false	0.0325
false	0.2055
false	0.0093
false	0.0306
false	0.0153
false	0.0504
false	0.0883
false	0.0438
false	0.1616
false	0.1046
false	0.1357
false	0.1514
false	0.1414
false	0.1576
true	0.8063
false	0.2967
false	0.3809
false	0.2967
false	0.0948
false	0.3809
true	0.8959
false	0.1422
true	0.8077
false	0.1806
true	0.5893
false	0.0755
false	0.0755
false	0.0544
false	0.2967
true	0.9976
false	0.2348
true	0.9475
false	0.2348
false	0.3302
false	0.3708
false	0.4614
false	0.1389
true	0.6539
false	0.0843
false	0.0843
false	0.1514
false	0.1514
false	0.0606
false	0.2321
false	0.2997
false	0.1730
false	0.0694
false	0.2134
false	0.1791
false	0.0895
false	0.4301
false	0.0707
false	0.0639
false	0.1964
false	0.1632
false	0.1576
false	0.1357
false	0.1514
false	0.0639
false	0.0143
false	0.0390
false	0.1414
false	0.0811
false	0.1793
false	0.0529
false	0.1508
true	0.6397
false	0.4983
false	0.0112
false	0.1809
false	0.0948
false	0.1037
false	0.1132
false	0.0447
false	0.0707
false	0.0707
false	0.0325
false	0.0843
false	0.0325
false	0.2055
false	0.1632
false	0.1793
false	0.0372
true	0.9349
false	0.1470
true	0.8357
false	0.1389
false	0.1148
false	0.2696
false	0.4453
false	0.1470
false	0.1434
false	0.0436
false	0.4963
false	0.4146
false	0.1332
false	0.4453
false	0.4802
false	0.0490
false	0.0371
true	0.9866
true	0.7471
true	0.9625
false	0.3545
false	0.1413
false	0.3727
false	0.1344
true	0.9998
true	0.7133
true	0.5992
false	0.1050
false	0.1805
false	0.0941
true	0.5307
true	0.7538
false	0.1786
true	0.9825
true	0.7784
false	0.1786
true	0.9920
false	0.1202
false	0.4017
true	0.8235
false	0.2967
false	0.0632
false	0.0485
false	0.1947
false	0.0729
false	0.1947
false	0.0639
false	0.0859
false	0.0859
false	0.4425
false	0.4756
true	0.6229
false	0.0843
false	0.1838
false	0.0843
true	0.6155
false	0.2134
false	0.0843
false	0.0563
false	0.0729
false	0.1361
false	0.0729
false	0.0485
false	0.1947
false	0.0563
false	0.1361
false	0.0729
false	0.1361
false	0.0729
false	0.0632
